<?xml version="1.0" encoding="UTF-8"?>
<testsuite name="painter.app.MessageUtilsTest" tests="1" skipped="0" failures="0" errors="0" timestamp="2023-03-02T16:22:55" hostname="DESKTOP-RVKL5QI" time="0.254">
  <properties/>
  <testcase name="testGetRandomPoint()" classname="painter.app.MessageUtilsTest" time="0.254"/>
  <system-out><![CDATA[]]></system-out>
  <system-err><![CDATA[]]></system-err>
</testsuite>
